<?xml version="1.0" encoding="UTF-8"?>
<!-- Generated by org.testng.reporters.JUnitReportReporter -->
<testsuite hostname="SHYAM-PC" name="TestCases.LoginPageTest" tests="1" failures="0" timestamp="12 Apr 2020 12:30:33 GMT" time="31.511" errors="0">
  <testcase name="logintest" time="31.511" classname="TestCases.LoginPageTest"/>
</testsuite> <!-- TestCases.LoginPageTest -->
