<?xml version="1.0" encoding="UTF-8"?>
<!-- Generated by org.testng.reporters.JUnitReportReporter -->
<testsuite hostname="SHYAM-PC" name="TestCases.ManageClientTest" tests="1" failures="0" timestamp="28 Apr 2020 07:56:41 GMT" time="64.613" errors="0">
  <testcase name="addclienttestfromexcel" time="64.613" classname="TestCases.ManageClientTest"/>
</testsuite> <!-- TestCases.ManageClientTest -->
